Arguments: 
  C:\Program Files\nodejs\node.exe C:\Users\Arllan\AppData\Roaming\npm\node_modules\yarn\bin\yarn.js run build

PATH: 
  C:\Program Files (x86)\Common Files\Oracle\Java\javapath;C:\Windows\system32;C:\Windows;C:\Windows\System32\Wbem;C:\Windows\System32\WindowsPowerShell\v1.0\;C:\Windows\System32\OpenSSH\;C:\Program Files (x86)\NVIDIA Corporation\PhysX\Common;C:\Program Files\NVIDIA Corporation\NVIDIA NvDLISR;C:\Program Files\Microsoft VS Code\bin;C:\Program Files\Git\cmd;C:\WINDOWS\system32;C:\WINDOWS;C:\WINDOWS\System32\Wbem;C:\WINDOWS\System32\WindowsPowerShell\v1.0\;C:\WINDOWS\System32\OpenSSH\;C:\Users\Arllan\AppData\Local\Android\Sdk\platform-tools;C:\Program Files\nodejs\;C:\ProgramData\chocolatey\bin;C:\Program Files\OpenJDK\openjdk-8u302-b08\bin;C:\MinGW\bin;C:\Program Files\Azure Data Studio\bin;C:\Users\Arllan\AppData\Local\Microsoft\WindowsApps;C:\Users\Arllan\AppData\Roaming\npm;C:\Users\Arllan\.dotnet\tools;C:\Users\Arllan\AppData\Local\Android\Sdk\platform-tools;C:\Users\Arllan\AppData\Local\GitHubDesktop\bin;C:\MinGW\bin;;C:\Program Files\Azure Data Studio\bin

Yarn version: 
  1.22.15

Node version: 
  14.18.1

Platform: 
  win32 x64

Trace: 
  Error: Potentially dangerous call to "next-sitemap" in F:\Web Projects\ConquError Market Website
      at validate (C:\Users\Arllan\AppData\Roaming\npm\node_modules\yarn\lib\cli.js:25658:15)
      at C:\Users\Arllan\AppData\Roaming\npm\node_modules\yarn\lib\cli.js:25726:7
      at new Promise (<anonymous>)
      at new F (C:\Users\Arllan\AppData\Roaming\npm\node_modules\yarn\lib\cli.js:5301:28)
      at C:\Users\Arllan\AppData\Roaming\npm\node_modules\yarn\lib\cli.js:25725:12
      at run (C:\Users\Arllan\AppData\Roaming\npm\node_modules\yarn\lib\cli.js:43176:7)
      at BlockingQueue.maybePushConcurrencyQueue (C:\Users\Arllan\AppData\Roaming\npm\node_modules\yarn\lib\cli.js:43191:7)
      at BlockingQueue.shift (C:\Users\Arllan\AppData\Roaming\npm\node_modules\yarn\lib\cli.js:43186:10)
      at C:\Users\Arllan\AppData\Roaming\npm\node_modules\yarn\lib\cli.js:43130:15
      at new Promise (<anonymous>)

npm manifest: 
  {
    "name": "conquerror-landing-page",
    "version": "0.0.1",
    "private": true,
    "scripts": {
      "dev": "next dev",
      "build": "next build && next export",
      "postbuild": "next-sitemap"
    },
    "dependencies": {
      "autoprefixer": "^10.4.4",
      "bootstrap": "^5.1.3",
      "dotenv": "^8.2.0",
      "framer-motion": "^2.7.5",
      "globby": "^11.0.0",
      "isomorphic-unfetch": "^3.0.0",
      "next": "9.5.3",
      "next-compose-plugins": "^2.2.0",
      "next-optimized-images": "^2.5.4",
      "postcss": "^8.4.12",
      "prettier": "^2.1.2",
      "rc-drawer": "^4.1.0",
      "react": "16.13.0",
      "react-custom-scrollbars": "^4.2.1",
      "react-dom": "16.13.0",
      "react-ga": "^3.1.2",
      "react-icons": "^3.10.0",
      "react-modal-video": "^1.2.6",
      "react-multi-carousel": "^2.5.5",
      "react-scroll": "^1.8.0",
      "react-stickynode": "^3.0.3",
      "styled-components": "^4.1.3",
      "theme-ui": "^0.3.1",
      "typeface-dm-sans": "^1.1.3"
    },
    "devDependencies": {
      "imagemin-mozjpeg": "^9.0.0",
      "imagemin-optipng": "^8.0.0",
      "imagemin-svgo": "^8.0.0",
      "next-sitemap": "^1.2.4"
    }
  }

yarn manifest: 
  No manifest

Lockfile: 
  No lockfile
